<?xml version="1.0" encoding="UTF-8"?>
<!-- Generated by org.testng.reporters.JUnitReportReporter -->
<testsuite skipped="0" hostname="DESKTOP-SQ3LAVL" name="tests.SearchAndAddToCartTest" tests="2" failures="0" timestamp="15 Feb 2018 06:39:39 GMT" time="98.332" errors="0">
  <testcase name="testCart" time="45.478" classname="tests.SearchAndAddToCartTest"/>
  <testcase name="testCart" time="52.854" classname="tests.SearchAndAddToCartTest"/>
</testsuite> <!-- tests.SearchAndAddToCartTest -->
